<?xml version="1.0" encoding="UTF-8"?>
<testsuite xmlns:xsi="http://www.w3.org/2001/XMLSchema-instance" xsi:noNamespaceSchemaLocation="https://maven.apache.org/surefire/maven-surefire-plugin/xsd/surefire-test-report.xsd" name="com.ncs.empconsole.service.EmployeeServiceImplTest" time="19.92" tests="2" errors="0" skipped="0" failures="1">
  <properties>
[...]
</properties>
  <testcase name="testAddEmployee" classname="com.ncs.empconsole.service.EmployeeServiceImplTest" time="1.109">
    <failure message="expected: com.ncs.empconsole.model.Employee@762d2e4c&lt;links: []&gt; but was: com.ncs.empconsole.model.Employee@22942eff&lt;links: []&gt;" type="org.opentest4j.AssertionFailedError"><![CDATA[org.opentest4j.AssertionFailedError: expected: com.ncs.empconsole.model.Employee@762d2e4c<links: []> but was: com.ncs.empconsole.model.Employee@22942eff<links: []>
	at com.ncs.empconsole.service.EmployeeServiceImplTest.testAddEmployee(EmployeeServiceImplTest.java:79)
]]></failure>
    <system-out><![CDATA[17:36:35.082 [main] DEBUG org.springframework.test.context.BootstrapUtils - Instantiating CacheAwareContextLoaderDelegate from class [org.springframework.test.context.cache.DefaultCacheAwareContextLoaderDelegate]
17:36:35.107 [main] DEBUG org.springframework.test.context.BootstrapUtils - Instantiating BootstrapContext using constructor [public org.springframework.test.context.support.DefaultBootstrapContext(java.lang.Class,org.springframework.test.context.CacheAwareContextLoaderDelegate)]
17:36:35.201 [main] DEBUG org.springframework.test.context.BootstrapUtils - Instantiating TestContextBootstrapper for test class [com.ncs.empconsole.service.EmployeeServiceImplTest] from class [org.springframework.boot.test.context.SpringBootTestContextBootstrapper]
17:36:35.233 [main] INFO org.springframework.boot.test.context.SpringBootTestContextBootstrapper - Neither @ContextConfiguration nor @ContextHierarchy found for test class [com.ncs.empconsole.service.EmployeeServiceImplTest], using SpringBootContextLoader
17:36:35.244 [main] DEBUG org.springframework.test.context.support.AbstractContextLoader - Did not detect default resource location for test class [com.ncs.empconsole.service.EmployeeServiceImplTest]: class path resource [com/ncs/empconsole/service/EmployeeServiceImplTest-context.xml] does not exist
17:36:35.246 [main] DEBUG org.springframework.test.context.support.AbstractContextLoader - Did not detect default resource location for test class [com.ncs.empconsole.service.EmployeeServiceImplTest]: class path resource [com/ncs/empconsole/service/EmployeeServiceImplTestContext.groovy] does not exist
17:36:35.247 [main] INFO org.springframework.test.context.support.AbstractContextLoader - Could not detect default resource locations for test class [com.ncs.empconsole.service.EmployeeServiceImplTest]: no resource found for suffixes {-context.xml, Context.groovy}.
17:36:35.248 [main] INFO org.springframework.test.context.support.AnnotationConfigContextLoaderUtils - Could not detect default configuration classes for test class [com.ncs.empconsole.service.EmployeeServiceImplTest]: EmployeeServiceImplTest does not declare any static, non-private, non-final, nested classes annotated with @Configuration.
17:36:35.421 [main] DEBUG org.springframework.test.context.support.ActiveProfilesUtils - Could not find an 'annotation declaring class' for annotation type [org.springframework.test.context.ActiveProfiles] and class [com.ncs.empconsole.service.EmployeeServiceImplTest]
17:36:35.737 [main] DEBUG org.springframework.context.annotation.ClassPathScanningCandidateComponentProvider - Identified candidate component class: file [C:\Users\Hp\git\employeeconsole\EmployeeConsolePro\target\classes\com\ncs\empconsole\EmployeeConsoleProApplication.class]
17:36:35.741 [main] INFO org.springframework.boot.test.context.SpringBootTestContextBootstrapper - Found @SpringBootConfiguration com.ncs.empconsole.EmployeeConsoleProApplication for test class com.ncs.empconsole.service.EmployeeServiceImplTest
17:36:36.045 [main] DEBUG org.springframework.boot.test.context.SpringBootTestContextBootstrapper - @TestExecutionListeners is not present for class [com.ncs.empconsole.service.EmployeeServiceImplTest]: using defaults.
17:36:36.047 [main] INFO org.springframework.boot.test.context.SpringBootTestContextBootstrapper - Loaded default TestExecutionListener class names from location [META-INF/spring.factories]: [org.springframework.boot.test.mock.mockito.MockitoTestExecutionListener, org.springframework.boot.test.mock.mockito.ResetMocksTestExecutionListener, org.springframework.boot.test.autoconfigure.restdocs.RestDocsTestExecutionListener, org.springframework.boot.test.autoconfigure.web.client.MockRestServiceServerResetTestExecutionListener, org.springframework.boot.test.autoconfigure.web.servlet.MockMvcPrintOnlyOnFailureTestExecutionListener, org.springframework.boot.test.autoconfigure.web.servlet.WebDriverTestExecutionListener, org.springframework.boot.test.autoconfigure.webservices.client.MockWebServiceServerTestExecutionListener, org.springframework.test.context.web.ServletTestExecutionListener, org.springframework.test.context.support.DirtiesContextBeforeModesTestExecutionListener, org.springframework.test.context.event.ApplicationEventsTestExecutionListener, org.springframework.test.context.support.DependencyInjectionTestExecutionListener, org.springframework.test.context.support.DirtiesContextTestExecutionListener, org.springframework.test.context.transaction.TransactionalTestExecutionListener, org.springframework.test.context.jdbc.SqlScriptsTestExecutionListener, org.springframework.test.context.event.EventPublishingTestExecutionListener]
17:36:36.097 [main] INFO org.springframework.boot.test.context.SpringBootTestContextBootstrapper - Using TestExecutionListeners: [org.springframework.test.context.web.ServletTestExecutionListener@b7838a9, org.springframework.test.context.support.DirtiesContextBeforeModesTestExecutionListener@696f0212, org.springframework.test.context.event.ApplicationEventsTestExecutionListener@5733f295, org.springframework.boot.test.mock.mockito.MockitoTestExecutionListener@1c3146bc, org.springframework.boot.test.autoconfigure.SpringBootDependencyInjectionTestExecutionListener@56c698e3, org.springframework.test.context.support.DirtiesContextTestExecutionListener@47a86fbb, org.springframework.test.context.transaction.TransactionalTestExecutionListener@f478a81, org.springframework.test.context.jdbc.SqlScriptsTestExecutionListener@19553973, org.springframework.test.context.event.EventPublishingTestExecutionListener@7bb6ab3a, org.springframework.boot.test.mock.mockito.ResetMocksTestExecutionListener@7fe7c640, org.springframework.boot.test.autoconfigure.restdocs.RestDocsTestExecutionListener@4c4748bf, org.springframework.boot.test.autoconfigure.web.client.MockRestServiceServerResetTestExecutionListener@7ce97ee5, org.springframework.boot.test.autoconfigure.web.servlet.MockMvcPrintOnlyOnFailureTestExecutionListener@32c8e539, org.springframework.boot.test.autoconfigure.web.servlet.WebDriverTestExecutionListener@73dce0e6, org.springframework.boot.test.autoconfigure.webservices.client.MockWebServiceServerTestExecutionListener@5a85c92]
17:36:36.107 [main] DEBUG org.springframework.test.context.support.AbstractDirtiesContextTestExecutionListener - Before test class: context [DefaultTestContext@4ba302e0 testClass = EmployeeServiceImplTest, testInstance = [null], testMethod = [null], testException = [null], mergedContextConfiguration = [WebMergedContextConfiguration@e98770d testClass = EmployeeServiceImplTest, locations = '{}', classes = '{class com.ncs.empconsole.EmployeeConsoleProApplication}', contextInitializerClasses = '[]', activeProfiles = '{}', propertySourceLocations = '{}', propertySourceProperties = '{org.springframework.boot.test.context.SpringBootTestContextBootstrapper=true}', contextCustomizers = set[org.springframework.boot.test.context.filter.ExcludeFilterContextCustomizer@560348e6, org.springframework.boot.test.json.DuplicateJsonObjectContextCustomizerFactory$DuplicateJsonObjectContextCustomizer@7b993c65, org.springframework.boot.test.mock.mockito.MockitoContextCustomizer@0, org.springframework.boot.test.web.client.TestRestTemplateContextCustomizer@895e367, org.springframework.boot.test.autoconfigure.actuate.metrics.MetricsExportContextCustomizerFactory$DisableMetricExportContextCustomizer@39d76cb5, org.springframework.boot.test.autoconfigure.properties.PropertyMappingContextCustomizer@0, org.springframework.boot.test.autoconfigure.web.servlet.WebDriverContextCustomizerFactory$Customizer@6a57ae10, org.springframework.boot.test.context.SpringBootTestArgs@1, org.springframework.boot.test.context.SpringBootTestWebEnvironment@c33b74f], resourceBasePath = 'src/main/webapp', contextLoader = 'org.springframework.boot.test.context.SpringBootContextLoader', parent = [null]], attributes = map['org.springframework.test.context.web.ServletTestExecutionListener.activateListener' -> true]], class annotated with @DirtiesContext [false] with mode [null].

  .   ____          _            __ _ _
 /\\ / ___'_ __ _ _(_)_ __  __ _ \ \ \ \
( ( )\___ | '_ | '_| | '_ \/ _` | \ \ \ \
 \\/  ___)| |_)| | | | | || (_| |  ) ) ) )
  '  |____| .__|_| |_|_| |_\__, | / / / /
 =========|_|==============|___/=/_/_/_/
 :: Spring Boot ::               (v2.5.12)

2022-08-16 17:36:37.105  INFO 19356 --- [           main] c.n.e.service.EmployeeServiceImplTest    : Starting EmployeeServiceImplTest using Java 15.0.2 on DESKTOP-OALDIS6 with PID 19356 (started by Hp in C:\Users\Hp\git\employeeconsole\EmployeeConsolePro)
2022-08-16 17:36:37.120  INFO 19356 --- [           main] c.n.e.service.EmployeeServiceImplTest    : No active profile set, falling back to 1 default profile: "default"
2022-08-16 17:36:39.477  INFO 19356 --- [           main] .s.d.r.c.RepositoryConfigurationDelegate : Bootstrapping Spring Data JPA repositories in DEFAULT mode.
2022-08-16 17:36:39.705  INFO 19356 --- [           main] .s.d.r.c.RepositoryConfigurationDelegate : Finished Spring Data repository scanning in 207 ms. Found 3 JPA repository interfaces.
2022-08-16 17:36:41.554  INFO 19356 --- [           main] o.hibernate.jpa.internal.util.LogHelper  : HHH000204: Processing PersistenceUnitInfo [name: default]
2022-08-16 17:36:41.733  INFO 19356 --- [           main] org.hibernate.Version                    : HHH000412: Hibernate ORM core version 5.4.33
2022-08-16 17:36:42.191  INFO 19356 --- [           main] o.hibernate.annotations.common.Version   : HCANN000001: Hibernate Commons Annotations {5.1.2.Final}
2022-08-16 17:36:42.740  INFO 19356 --- [           main] com.zaxxer.hikari.HikariDataSource       : HikariPool-1 - Starting...
2022-08-16 17:36:44.145  INFO 19356 --- [           main] com.zaxxer.hikari.HikariDataSource       : HikariPool-1 - Start completed.
2022-08-16 17:36:44.247  INFO 19356 --- [           main] org.hibernate.dialect.Dialect            : HHH000400: Using dialect: org.hibernate.dialect.MySQL8Dialect
2022-08-16 17:36:47.236  INFO 19356 --- [           main] o.h.e.t.j.p.i.JtaPlatformInitiator       : HHH000490: Using JtaPlatform implementation: [org.hibernate.engine.transaction.jta.platform.internal.NoJtaPlatform]
2022-08-16 17:36:47.263  INFO 19356 --- [           main] j.LocalContainerEntityManagerFactoryBean : Initialized JPA EntityManagerFactory for persistence unit 'default'
--->> Inside Controller Advice 
HR Employee Controller constructor called
2022-08-16 17:36:49.795  WARN 19356 --- [           main] JpaBaseConfiguration$JpaWebConfiguration : spring.jpa.open-in-view is enabled by default. Therefore, database queries may be performed during view rendering. Explicitly configure spring.jpa.open-in-view to disable this warning
2022-08-16 17:36:53.553  INFO 19356 --- [           main] c.n.e.service.EmployeeServiceImplTest    : Started EmployeeServiceImplTest in 17.307 seconds (JVM running for 20.577)
--->> expected Employee links: []
Hibernate: 
    insert 
    into
        employee
        (address, bank_account, department, designation, email, name, salary) 
    values
        (?, ?, ?, ?, ?, ?, ?)
--->> actual Employee links: []
]]></system-out>
  </testcase>
  <testcase name="testGetEmployeeDetailsInt" classname="com.ncs.empconsole.service.EmployeeServiceImplTest" time="0.085"/>
</testsuite>